Traceback (most recent call last):
  File "C:\Users\Kosya\PycharmProjects\IntroductionToLogic\.venv\lib\site-packages\jupyter_cache\executors\utils.py", line 58, in single_nb_execution
    executenb(
  File "C:\Users\Kosya\PycharmProjects\IntroductionToLogic\.venv\lib\site-packages\nbclient\client.py", line 1319, in execute
    return NotebookClient(nb=nb, resources=resources, km=km, **kwargs).execute()
  File "C:\Users\Kosya\PycharmProjects\IntroductionToLogic\.venv\lib\site-packages\jupyter_core\utils\__init__.py", line 165, in wrapped
    return loop.run_until_complete(inner)
  File "C:\Users\Kosya\AppData\Local\Programs\Python\Python39\lib\asyncio\base_events.py", line 642, in run_until_complete
    return future.result()
  File "C:\Users\Kosya\PycharmProjects\IntroductionToLogic\.venv\lib\site-packages\nbclient\client.py", line 709, in async_execute
    await self.async_execute_cell(
  File "C:\Users\Kosya\PycharmProjects\IntroductionToLogic\.venv\lib\site-packages\nbclient\client.py", line 1062, in async_execute_cell
    await self._check_raise_for_error(cell, cell_index, exec_reply)
  File "C:\Users\Kosya\PycharmProjects\IntroductionToLogic\.venv\lib\site-packages\nbclient\client.py", line 918, in _check_raise_for_error
    raise CellExecutionError.from_cell_and_msg(cell, exec_reply_content)
nbclient.exceptions.CellExecutionError: An error occurred while executing the following cell:
------------------
<script>
document.addEventListener('DOMContentLoaded', function() {
    const table = document.getElementById('likes-table');
    const statements = document.querySelectorAll('.statements-table tr[data-rule]');
    
    // Функция для проверки правил
    function checkRules() {
        // Правило 1: Гале нравится Вика
        const rule1 = table.querySelector('[data-row="Галя"][data-col="Вика"]').textContent === '✔️';
        
        // Правило 2: Ане не нравится Галя
        const rule2 = table.querySelector('[data-row="Аня"][data-col="Галя"]').textContent !== '✔️';
        
        // Правило 3: Бэлле нравится Вика или Галя
        const rule3 = table.querySelector('[data-row="Бэлла"][data-col="Вика"]').textContent === '✔️' || 
                     table.querySelector('[data-row="Бэлла"][data-col="Галя"]').textContent === '✔️';
        
        // Правило 4: Ане нравятся те же, кто и Бэлла
        const rule4 = Array.from(table.querySelectorAll('[data-row="Аня"].cell')).every((cell, index) => {
            const bellaCell = table.querySelectorAll('[data-row="Бэлла"].cell')[index];
            return cell.textContent === bellaCell.textContent;
        });
        
        // Правило 5: Вике нравятся те же, кому и она сама
        const rule5 = Array.from(table.querySelectorAll('[data-row="Вика"].cell')).every((cell, index) => {
            const colName = cell.getAttribute('data-col');
            const otherCell = table.querySelector(`[data-row="${colName}"][data-col="Вика"]`);
            return cell.textContent === otherCell.textContent;
        });
        
        // Правило 6: Никто не нравится сам себе
        const rule6 = Array.from(table.querySelectorAll('.cell')).every(cell => {
            const row = cell.getAttribute('data-row');
            const col = cell.getAttribute('data-col');
            return row !== col || cell.textContent !== '✔️';
        });
        
        // Обновляем статусы
        const rules = [rule1, rule2, rule3, rule4, rule5, rule6];
        statements.forEach((statement, index) => {
            const resultCell = statement.querySelector('.result');
            resultCell.textContent = rules[index] ? '✅' : '❌';
        });
    }
    
    // Обработчик кликов по ячейкам
    table.addEventListener('click', function(event) {
        const cell = event.target.closest('.cell');
        if (!cell) return;
        
        // Переключаем галочку
        cell.textContent = cell.textContent === '✔️' ? '' : '✔️';
        
        // Проверяем правила
        checkRules();
    });
    
    // Начальная проверка правил
    checkRules();
});
</script>
------------------


[1;36m  Cell [1;32mIn[1], line 1[1;36m[0m
[1;33m    <script>[0m
[1;37m    ^[0m
[1;31mSyntaxError[0m[1;31m:[0m invalid syntax


